<?xml version="1.0" encoding="UTF-8"?>
<!-- Generated by org.testng.reporters.JUnitReportReporter -->
<testsuite hostname="Rafeeks-MacBook-Air.local" failures="0" tests="2" name="FormTest.FormTest" time="54.827" errors="0" timestamp="2023-04-11T16:56:48 IST" skipped="0">
  <testcase classname="FormTest.FormTest" name="createFormParameter" time="15.857"/>
  <system-out>
    <![CDATA[form parameter added successfully]]>
  </system-out>
  <testcase classname="FormTest.FormTest" name="createFormType" time="38.970"/>
  <system-out>
    <![CDATA[form type added successfully]]>
  </system-out>
</testsuite> <!-- FormTest.FormTest -->
