<?xml version="1.0" encoding="UTF-8"?>
<!-- Generated by org.testng.reporters.JUnitReportReporter -->
<testsuite hostname="Rafeeks-MacBook-Air.local" failures="0" tests="1" name="loginTest.loginTest" time="58.808" errors="0" timestamp="2023-04-02T02:06:58 IST" skipped="0">
  <testcase classname="loginTest.loginTest" name="createFormParameter" time="58.808"/>
  <system-out>
    <![CDATA[form parameter added successfully]]>
  </system-out>
</testsuite> <!-- loginTest.loginTest -->
