<?xml version="1.0" encoding="UTF-8"?>
<!-- Generated by org.testng.reporters.JUnitReportReporter -->
<testsuite hostname="Rafeeks-MacBook-Air.local" failures="0" tests="1" name="FormTest.FormTest" time="42.442" errors="0" timestamp="2023-05-16T16:33:19 IST" skipped="0">
  <testcase classname="FormTest.FormTest" name="addAsset" time="42.442"/>
  <system-out>
    <![CDATA[ new user added successfully]]>
  </system-out>
</testsuite> <!-- FormTest.FormTest -->
