<?xml version="1.0" encoding="UTF-8"?>
<!-- Generated by org.testng.reporters.JUnitReportReporter -->
<testsuite hostname="Rafeeks-MacBook-Air.local" failures="0" tests="1" name="DeviceTest.DeviceTest" time="8.284" errors="0" timestamp="2023-06-07T16:45:56 IST" skipped="0">
  <testcase classname="DeviceTest.DeviceTest" name="verifyDYDB" time="8.284"/>
  <system-out>
    <![CDATA[dydb dashboard loaded successfully]]>
  </system-out>
</testsuite> <!-- DeviceTest.DeviceTest -->
